# conda environments:
#
                         /cluster/home/czhao07/miniconda3
                      *  /cluster/home/czhao07/miniconda3/envs/cs150
base                     /cluster/tufts/hpc/tools/anaconda/202105
AmberTools22             /cluster/tufts/hpc/tools/anaconda/202105/envs/AmberTools22
EM212                    /cluster/tufts/hpc/tools/anaconda/202105/envs/EM212
MicrobeCensus            /cluster/tufts/hpc/tools/anaconda/202105/envs/MicrobeCensus
POT                      /cluster/tufts/hpc/tools/anaconda/202105/envs/POT
af2                      /cluster/tufts/hpc/tools/anaconda/202105/envs/af2
alphafold                /cluster/tufts/hpc/tools/anaconda/202105/envs/alphafold
alphafold2.1.1           /cluster/tufts/hpc/tools/anaconda/202105/envs/alphafold2.1.1
alphafold2.2.0           /cluster/tufts/hpc/tools/anaconda/202105/envs/alphafold2.2.0
bagpipes                 /cluster/tufts/hpc/tools/anaconda/202105/envs/bagpipes
bcftools                 /cluster/tufts/hpc/tools/anaconda/202105/envs/bcftools
biobakery                /cluster/tufts/hpc/tools/anaconda/202105/envs/biobakery
cdsapi                   /cluster/tufts/hpc/tools/anaconda/202105/envs/cdsapi
cellprofiler             /cluster/tufts/hpc/tools/anaconda/202105/envs/cellprofiler
cellprofiler_4.2.1       /cluster/tufts/hpc/tools/anaconda/202105/envs/cellprofiler_4.2.1
cupy                     /cluster/tufts/hpc/tools/anaconda/202105/envs/cupy
delayW                   /cluster/tufts/hpc/tools/anaconda/202105/envs/delayW
flint                    /cluster/tufts/hpc/tools/anaconda/202105/envs/flint
geopanda                 /cluster/tufts/hpc/tools/anaconda/202105/envs/geopanda
gipsy                    /cluster/tufts/hpc/tools/anaconda/202105/envs/gipsy
globus_cli               /cluster/tufts/hpc/tools/anaconda/202105/envs/globus_cli
hail                     /cluster/tufts/hpc/tools/anaconda/202105/envs/hail
hlmm                     /cluster/tufts/hpc/tools/anaconda/202105/envs/hlmm
horovod_tensorflow       /cluster/tufts/hpc/tools/anaconda/202105/envs/horovod_tensorflow
htseq                    /cluster/tufts/hpc/tools/anaconda/202105/envs/htseq
humann                   /cluster/tufts/hpc/tools/anaconda/202105/envs/humann
imagemagick              /cluster/tufts/hpc/tools/anaconda/202105/envs/imagemagick
isonet                   /cluster/tufts/hpc/tools/anaconda/202105/envs/isonet
matlabapi                /cluster/tufts/hpc/tools/anaconda/202105/envs/matlabapi
mesa                     /cluster/tufts/hpc/tools/anaconda/202105/envs/mesa
mesa_20210916            /cluster/tufts/hpc/tools/anaconda/202105/envs/mesa_20210916
mesamultineat            /cluster/tufts/hpc/tools/anaconda/202105/envs/mesamultineat
metaplan2                /cluster/tufts/hpc/tools/anaconda/202105/envs/metaplan2
neurosim                 /cluster/tufts/hpc/tools/anaconda/202105/envs/neurosim
opencv                   /cluster/tufts/hpc/tools/anaconda/202105/envs/opencv
py38                     /cluster/tufts/hpc/tools/anaconda/202105/envs/py38
pymeep                   /cluster/tufts/hpc/tools/anaconda/202105/envs/pymeep
pytorch_cpu              /cluster/tufts/hpc/tools/anaconda/202105/envs/pytorch_cpu
pytorch_cuda11.7         /cluster/tufts/hpc/tools/anaconda/202105/envs/pytorch_cuda11.7
pytorch_gpu              /cluster/tufts/hpc/tools/anaconda/202105/envs/pytorch_gpu
qiime2-2021.11           /cluster/tufts/hpc/tools/anaconda/202105/envs/qiime2-2021.11
rapids-22.08             /cluster/tufts/hpc/tools/anaconda/202105/envs/rapids-22.08
resfinder                /cluster/tufts/hpc/tools/anaconda/202105/envs/resfinder
rgi                      /cluster/tufts/hpc/tools/anaconda/202105/envs/rgi
sinapovlab_pytorch_cpu     /cluster/tufts/hpc/tools/anaconda/202105/envs/sinapovlab_pytorch_cpu
sinapovlab_pytorch_gpu     /cluster/tufts/hpc/tools/anaconda/202105/envs/sinapovlab_pytorch_gpu
spyder                   /cluster/tufts/hpc/tools/anaconda/202105/envs/spyder
sumo                     /cluster/tufts/hpc/tools/anaconda/202105/envs/sumo
switch                   /cluster/tufts/hpc/tools/anaconda/202105/envs/switch
synapse                  /cluster/tufts/hpc/tools/anaconda/202105/envs/synapse
tensorflow               /cluster/tufts/hpc/tools/anaconda/202105/envs/tensorflow
topaz                    /cluster/tufts/hpc/tools/anaconda/202105/envs/topaz
umap                     /cluster/tufts/hpc/tools/anaconda/202105/envs/umap

